PROCESSING FILES UP TO DATE: 2021-12-04
/home/imwendwa/analytics/terrorismTwitterScraping/streaming_json_files/ve-tweets-20211201-191439.json
/home/imwendwa/analytics/terrorismTwitterScraping/streaming_json_files/streamed-tweets-20211117-040636.json
/home/imwendwa/analytics/terrorismTwitterScraping/streaming_json_files/streamed-tweets-20211113-184546.json
/home/imwendwa/analytics/terrorismTwitterScraping/streaming_json_files/streamed-tweets-20211117-134124.json
/home/imwendwa/analytics/terrorismTwitterScraping/streaming_json_files/streamed-tweets-20211130-172251.json
/home/imwendwa/analytics/terrorismTwitterScraping/streaming_json_files/streamed-tweets-20211128-184251.json
/home/imwendwa/analytics/terrorismTwitterScraping/streaming_json_files/streamed-tweets-20211122-180313.json
/home/imwendwa/analytics/terrorismTwitterScraping/streaming_json_files/streamed-tweets-20211116-050003.json
/home/imwendwa/analytics/terrorismTwitterScraping/streaming_json_files/streamed-tweets-20211125-132408.json
/home/imwendwa/analytics/terrorismTwitterScraping/streaming_json_files/streamed-tweets-20211125-132408.json :JSONDecodeError: File Probably Having an Incomplete Write
/home/imwendwa/analytics/terrorismTwitterScraping/streaming_json_files/streamed-tweets-20211125-132408.json :JSONDecodeError Level 2
/home/imwendwa/analytics/terrorismTwitterScraping/streaming_json_files/streamed-tweets-20211111-184000.json
/home/imwendwa/analytics/terrorismTwitterScraping/streaming_json_files/streamed-tweets-20211122-213450.json
/home/imwendwa/analytics/terrorismTwitterScraping/streaming_json_files/streamed-tweets-20211123-204325.json
/home/imwendwa/analytics/terrorismTwitterScraping/streaming_json_files/ve-tweets-20211202-183929.json
/home/imwendwa/analytics/terrorismTwitterScraping/streaming_json_files/ve-tweets-20211204-174252.json
/home/imwendwa/analytics/terrorismTwitterScraping/streaming_json_files/streamed-tweets-20211129-005232.json
/home/imwendwa/analytics/terrorismTwitterScraping/streaming_json_files/streamed-tweets-20211124-194710.json
/home/imwendwa/analytics/terrorismTwitterScraping/streaming_json_files/streamed-tweets-20211124-134917.json
/home/imwendwa/analytics/terrorismTwitterScraping/streaming_json_files/streamed-tweets-20211124-134917.json :JSONDecodeError: File Probably Having an Incomplete Write
/home/imwendwa/analytics/terrorismTwitterScraping/streaming_json_files/streamed-tweets-20211124-134917.json :JSONDecodeError Level 2
/home/imwendwa/analytics/terrorismTwitterScraping/streaming_json_files/streamed-tweets-20211127-202818.json
/home/imwendwa/analytics/terrorismTwitterScraping/streaming_json_files/streamed-tweets-20211127-202818.json :JSONDecodeError: File Probably Having an Incomplete Write
/home/imwendwa/analytics/terrorismTwitterScraping/streaming_json_files/streamed-tweets-20211127-202818.json :JSONDecodeError Level 2
/home/imwendwa/analytics/terrorismTwitterScraping/streaming_json_files/ve-tweets-20211201-115948.json
/home/imwendwa/analytics/terrorismTwitterScraping/streaming_json_files/streamed-tweets-20211201-040329.json
/home/imwendwa/analytics/terrorismTwitterScraping/streaming_json_files/streamed-tweets-20211118-081207.json
/home/imwendwa/analytics/terrorismTwitterScraping/streaming_json_files/streamed-tweets-20211127-112442.json
/home/imwendwa/analytics/terrorismTwitterScraping/streaming_json_files/streamed-tweets-20211113-003437.json
/home/imwendwa/analytics/terrorismTwitterScraping/streaming_json_files/ve-tweets-20211204-111730.json
/home/imwendwa/analytics/terrorismTwitterScraping/streaming_json_files/streamed-tweets-20211115-171214.json
/home/imwendwa/analytics/terrorismTwitterScraping/streaming_json_files/streamed-tweets-20211119-154032.json
/home/imwendwa/analytics/terrorismTwitterScraping/streaming_json_files/streamed-tweets-20211125-200849.json
/home/imwendwa/analytics/terrorismTwitterScraping/streaming_json_files/streamed-tweets-20211111-230325.json
/home/imwendwa/analytics/terrorismTwitterScraping/streaming_json_files/streamed-tweets-20211123-032810.json
/home/imwendwa/analytics/terrorismTwitterScraping/streaming_json_files/streamed-tweets-20211123-032810.json :JSONDecodeError: File Probably Having an Incomplete Write
/home/imwendwa/analytics/terrorismTwitterScraping/streaming_json_files/streamed-tweets-20211123-032810.json :JSONDecodeError Level 2
/home/imwendwa/analytics/terrorismTwitterScraping/streaming_json_files/ve-tweets-20211204-143320.json
/home/imwendwa/analytics/terrorismTwitterScraping/streaming_json_files/streamed-tweets-20211127-050828.json
/home/imwendwa/analytics/terrorismTwitterScraping/streaming_json_files/streamed-tweets-20211125-054444.json
/home/imwendwa/analytics/terrorismTwitterScraping/streaming_json_files/ve-tweets-20211202-114414.json
/home/imwendwa/analytics/terrorismTwitterScraping/streaming_json_files/ve-tweets-20211202-004753.json
/home/imwendwa/analytics/terrorismTwitterScraping/streaming_json_files/streamed-tweets-20211124-173839.json
/home/imwendwa/analytics/terrorismTwitterScraping/streaming_json_files/streamed-tweets-20211114-092517.json
/home/imwendwa/analytics/terrorismTwitterScraping/streaming_json_files/streamed-tweets-20211115-111208.json
/home/imwendwa/analytics/terrorismTwitterScraping/streaming_json_files/ve-tweets-20211203-052523.json
/home/imwendwa/analytics/terrorismTwitterScraping/streaming_json_files/ve-tweets-20211203-174957.json
/home/imwendwa/analytics/terrorismTwitterScraping/streaming_json_files/streamed-tweets-20211111-111111.json
/home/imwendwa/analytics/terrorismTwitterScraping/streaming_json_files/ve-tweets-20211202-223913.json
/home/imwendwa/analytics/terrorismTwitterScraping/streaming_json_files/streamed-tweets-20211122-072855.json
/home/imwendwa/analytics/terrorismTwitterScraping/streaming_json_files/streamed-tweets-20211124-033800.json
/home/imwendwa/analytics/terrorismTwitterScraping/streaming_json_files/streamed-tweets-20211113-160948.json
/home/imwendwa/analytics/terrorismTwitterScraping/streaming_json_files/streamed-tweets-20211118-131454.json
/home/imwendwa/analytics/terrorismTwitterScraping/streaming_json_files/streamed-tweets-20211117-090845.json
/home/imwendwa/analytics/terrorismTwitterScraping/streaming_json_files/streamed-tweets-20211116-100806.json
/home/imwendwa/analytics/terrorismTwitterScraping/streaming_json_files/streamed-tweets-20211112-172946.json
/home/imwendwa/analytics/terrorismTwitterScraping/streaming_json_files/streamed-tweets-20211118-173205.json
/home/imwendwa/analytics/terrorismTwitterScraping/streaming_json_files/streamed-tweets-20211112-053246.json
/home/imwendwa/analytics/terrorismTwitterScraping/streaming_json_files/streamed-tweets-20211122-113334.json
/home/imwendwa/analytics/terrorismTwitterScraping/streaming_json_files/streamed-tweets-20211123-143655.json
/home/imwendwa/analytics/terrorismTwitterScraping/streaming_json_files/ve-tweets-20211201-160913.json
/home/imwendwa/analytics/terrorismTwitterScraping/streaming_json_files/streamed-tweets-20211124-235158.json
/home/imwendwa/analytics/terrorismTwitterScraping/streaming_json_files/streamed-tweets-20211115-053222.json
/home/imwendwa/analytics/terrorismTwitterScraping/streaming_json_files/streamed-tweets-20211112-142414.json
/home/imwendwa/analytics/terrorismTwitterScraping/streaming_json_files/streamed-tweets-20211130-204836.json
/home/imwendwa/analytics/terrorismTwitterScraping/streaming_json_files/streamed-tweets-20211114-135632.json
/home/imwendwa/analytics/terrorismTwitterScraping/streaming_json_files/streamed-tweets-20211129-200016.json
/home/imwendwa/analytics/terrorismTwitterScraping/streaming_json_files/streamed-tweets-20211119-182734.json
/home/imwendwa/analytics/terrorismTwitterScraping/streaming_json_files/streamed-tweets-20211114-173032.json
/home/imwendwa/analytics/terrorismTwitterScraping/streaming_json_files/streamed-tweets-20211130-084737.json
/home/imwendwa/analytics/terrorismTwitterScraping/streaming_json_files/streamed-tweets-20211129-163045.json
/home/imwendwa/analytics/terrorismTwitterScraping/streaming_json_files/ve-tweets-20211203-213009.json
/home/imwendwa/analytics/terrorismTwitterScraping/streaming_json_files/ve-tweets-20211203-142915.json
/home/imwendwa/analytics/terrorismTwitterScraping/streaming_json_files/streamed-tweets-20211118-210553.json